#
# There is insufficient memory for the Java Runtime Environment to continue.
# Native memory allocation (mmap) failed to map 268435456 bytes for Failed to commit area from 0x0000000701e00000 to 0x0000000711e00000 of length 268435456.
# Possible reasons:
#   The system is out of physical RAM or swap space
#   The process is running with CompressedOops enabled, and the Java Heap may be blocking the growth of the native heap
# Possible solutions:
#   Reduce memory load on the system
#   Increase physical memory or swap space
#   Check if swap backing store is full
#   Decrease Java heap size (-Xmx/-Xms)
#   Decrease number of Java threads
#   Decrease Java thread stack sizes (-Xss)
#   Set larger code cache with -XX:ReservedCodeCacheSize=
# This output file may be truncated or incomplete.
#
#  Out of Memory Error (t:/workspace/open/src/hotspot/os/windows/os_windows.cpp:3301), pid=9692, tid=7680
#
# JRE version:  (13.0.1+9) (build )
# Java VM: Java HotSpot(TM) 64-Bit Server VM (13.0.1+9, mixed mode, aot, sharing, tiered, compressed oops, g1 gc, windows-amd64)
# No core dump will be written. Minidumps are not enabled by default on client versions of Windows
#

---------------  S U M M A R Y ------------

Command Line: com.mycompany.gui.LeaderBoard

Host: Intel(R) Core(TM) i7-8750H CPU @ 2.20GHz, 12 cores, 15G,  Windows 10 , 64 bit Build 22000 (10.0.22000.613)
Time: Wed May  4 06:04:21 2022 Egypt Standard Time elapsed time: 0 seconds (0d 0h 0m 0s)

---------------  T H R E A D  ---------------

Current thread (0x0000026ec2a8e800):  JavaThread "Unknown thread" [_thread_in_vm, id=7680, stack(0x000000b725b00000,0x000000b725c00000)]

Stack: [0x000000b725b00000,0x000000b725c00000]
Native frames: (J=compiled Java code, j=interpreted, Vv=VM code, C=native code)
V  [jvm.dll+0x626eca]
V  [jvm.dll+0x772c6a]
V  [jvm.dll+0x77441f]
V  [jvm.dll+0x774a23]
V  [jvm.dll+0x24da58]
V  [jvm.dll+0x62438a]
V  [jvm.dll+0x618f75]
V  [jvm.dll+0x30c61c]
V  [jvm.dll+0x30c452]
V  [jvm.dll+0x311bc6]
V  [jvm.dll+0x355ce6]
V  [jvm.dll+0x3554c0]
V  [jvm.dll+0x2e729a]
V  [jvm.dll+0x2e8532]
V  [jvm.dll+0x74fcd8]
V  [jvm.dll+0x363739]
V  [jvm.dll+0x732dc5]
V  [jvm.dll+0x3ce2ef]
V  [jvm.dll+0x3d0611]
C  [jli.dll+0x51ff]
C  [ucrtbase.dll+0x26c0c]
C  [KERNEL32.DLL+0x154e0]
C  [ntdll.dll+0x485b]


---------------  P R O C E S S  ---------------

Threads class SMR info:
_java_thread_list=0x00007ffda12c46b8, length=0, elements={
}

Java Threads: ( => current thread )

Other Threads:
  0x0000026ec2afc800 GCTaskThread "GC Thread#0" [stack: 0x000000b725c00000,0x000000b725d00000] [id=3292]
  0x0000026ec2b1f800 ConcurrentGCThread "G1 Main Marker" [stack: 0x000000b725d00000,0x000000b725e00000] [id=5444]
  0x0000026ec2b20800 ConcurrentGCThread "G1 Conc#0" [stack: 0x000000b725e00000,0x000000b725f00000] [id=21644]

[error occurred during error reporting (printing all threads), id 0xc0000005, EXCEPTION_ACCESS_VIOLATION (0xc0000005) at pc=0x00007ffda0af6f67]

VM state:not at safepoint (not fully initialized)

VM Mutex/Monitor currently owned by a thread:  ([mutex/lock_event])
[0x0000026ec2a8a420] Heap_lock - owner thread: 0x0000026ec2a8e800

Heap address: 0x0000000701e00000, size: 4066 MB, Compressed Oops mode: Non-zero based: 0x0000000701e00000
Narrow klass base: 0x0000000000000000, Narrow klass shift: 0

GC Heap History (0 events):
No events

Deoptimization events (0 events):
No events

Classes unloaded (0 events):
No events

Classes redefined (0 events):
No events

Internal exceptions (0 events):
No events

Events (8 events):
Event: 0.007 Loaded shared library C:\Program Files\Java\jdk-13.0.1\bin\zip.dll
Event: 0.007 Loaded shared library C:\Program Files\Java\jdk-13.0.1\bin\jimage.dll
Event: 0.009 Loading shared library C:\Program Files\Java\jdk-13.0.1\lib\libjava.base-coop.dll failed, error code 126
Event: 0.009 Loading shared library C:\Program Files\Java\jdk-13.0.1\lib\libjava.logging-coop.dll failed, error code 126
Event: 0.009 Loading shared library C:\Program Files\Java\jdk-13.0.1\lib\libjdk.compiler-coop.dll failed, error code 126
Event: 0.009 Loading shared library C:\Program Files\Java\jdk-13.0.1\lib\libjdk.scripting.nashorn-coop.dll failed, error code 126
Event: 0.009 Loading shared library C:\Program Files\Java\jdk-13.0.1\lib\libjdk.internal.vm.ci-coop.dll failed, error code 126
Event: 0.009 Loading shared library C:\Program Files\Java\jdk-13.0.1\lib\libjdk.internal.vm.compiler-coop.dll failed, error code 126


Dynamic libraries:
0x00007ff65e250000 - 0x00007ff65e25f000 	C:\Program Files\Java\jdk-13.0.1\bin\java.exe
0x00007ffe20740000 - 0x00007ffe20949000 	C:\WINDOWS\SYSTEM32\ntdll.dll
0x00007ffe1ebf0000 - 0x00007ffe1ecad000 	C:\WINDOWS\System32\KERNEL32.DLL
0x00007ffe1dc30000 - 0x00007ffe1dfa9000 	C:\WINDOWS\System32\KERNELBASE.dll
0x00007ffe1dfb0000 - 0x00007ffe1e0c1000 	C:\WINDOWS\System32\ucrtbase.dll
0x00007ffdf71e0000 - 0x00007ffdf71f8000 	C:\Program Files\Java\jdk-13.0.1\bin\jli.dll
0x00007ffdf71c0000 - 0x00007ffdf71d5000 	C:\Program Files\Java\jdk-13.0.1\bin\VCRUNTIME140.dll
0x00007ffe1f5c0000 - 0x00007ffe1f66e000 	C:\WINDOWS\System32\ADVAPI32.dll
0x00007ffe1f3d0000 - 0x00007ffe1f473000 	C:\WINDOWS\System32\msvcrt.dll
0x00007ffe1e9e0000 - 0x00007ffe1ea7e000 	C:\WINDOWS\System32\sechost.dll
0x00007ffe1eda0000 - 0x00007ffe1eec0000 	C:\WINDOWS\System32\RPCRT4.dll
0x00007ffe20290000 - 0x00007ffe2043c000 	C:\WINDOWS\System32\USER32.dll
0x00007ffe06d30000 - 0x00007ffe06fd5000 	C:\WINDOWS\WinSxS\amd64_microsoft.windows.common-controls_6595b64144ccf1df_6.0.22000.120_none_9d947278b86cc467\COMCTL32.dll
0x00007ffe1e530000 - 0x00007ffe1e556000 	C:\WINDOWS\System32\win32u.dll
0x00007ffe1f090000 - 0x00007ffe1f0b9000 	C:\WINDOWS\System32\GDI32.dll
0x00007ffe1e410000 - 0x00007ffe1e522000 	C:\WINDOWS\System32\gdi32full.dll
0x00007ffe1e300000 - 0x00007ffe1e39d000 	C:\WINDOWS\System32\msvcp_win.dll
0x00007ffe16e30000 - 0x00007ffe16e3a000 	C:\WINDOWS\SYSTEM32\VERSION.dll
0x00007ffe1eff0000 - 0x00007ffe1f021000 	C:\WINDOWS\System32\IMM32.DLL
0x00007ffdef040000 - 0x00007ffdef0db000 	C:\Program Files\Java\jdk-13.0.1\bin\msvcp140.dll
0x00007ffda0800000 - 0x00007ffda1366000 	C:\Program Files\Java\jdk-13.0.1\bin\server\jvm.dll
0x00007ffe1e9d0000 - 0x00007ffe1e9d8000 	C:\WINDOWS\System32\PSAPI.DLL
0x00007ffe18320000 - 0x00007ffe18329000 	C:\WINDOWS\SYSTEM32\WSOCK32.dll
0x00007ffe172d0000 - 0x00007ffe17303000 	C:\WINDOWS\SYSTEM32\WINMM.dll
0x00007ffe1e960000 - 0x00007ffe1e9cf000 	C:\WINDOWS\System32\WS2_32.dll
0x00007ffe1ce20000 - 0x00007ffe1ce38000 	C:\WINDOWS\SYSTEM32\kernel.appcore.dll
0x00007ffe18300000 - 0x00007ffe18310000 	C:\Program Files\Java\jdk-13.0.1\bin\verify.dll
0x00007ffe1b850000 - 0x00007ffe1ba71000 	C:\WINDOWS\SYSTEM32\DBGHELP.DLL
0x00007ffe0ff90000 - 0x00007ffe0ffc1000 	C:\WINDOWS\SYSTEM32\dbgcore.DLL
0x00007ffe1e560000 - 0x00007ffe1e5df000 	C:\WINDOWS\System32\bcryptPrimitives.dll
0x00007ffdef990000 - 0x00007ffdef9b6000 	C:\Program Files\Java\jdk-13.0.1\bin\java.dll
0x00007ffdf6ea0000 - 0x00007ffdf6eb7000 	C:\Program Files\Java\jdk-13.0.1\bin\zip.dll
0x00007ffdfe480000 - 0x00007ffdfe48a000 	C:\Program Files\Java\jdk-13.0.1\bin\jimage.dll

dbghelp: loaded successfully - version: 4.0.5 - missing functions: none
symbol engine: initialized successfully - sym options: 0x614 - pdb path: .;C:\Program Files\Java\jdk-13.0.1\bin;C:\WINDOWS\SYSTEM32;C:\WINDOWS\WinSxS\amd64_microsoft.windows.common-controls_6595b64144ccf1df_6.0.22000.120_none_9d947278b86cc467;C:\Program Files\Java\jdk-13.0.1\bin\server

VM Arguments:
java_command: com.mycompany.gui.LeaderBoard
java_class_path (initial): D:\java Ass\GUI\target\classes;C:\Users\zezos\.m2\repository\unknown\binary\AbsoluteLayout\SNAPSHOT\AbsoluteLayout-SNAPSHOT.jar
Launcher Type: SUN_STANDARD

[Global flags]
     intx CICompilerCount                          = 4                                         {product} {ergonomic}
     uint ConcGCThreads                            = 3                                         {product} {ergonomic}
     uint G1ConcRefinementThreads                  = 10                                        {product} {ergonomic}
   size_t G1HeapRegionSize                         = 1048576                                   {product} {ergonomic}
    uintx GCDrainStackTargetSize                   = 64                                        {product} {ergonomic}
   size_t InitialHeapSize                          = 268435456                                 {product} {ergonomic}
   size_t MarkStackSize                            = 4194304                                   {product} {ergonomic}
   size_t MaxHeapSize                              = 4263510016                                {product} {ergonomic}
   size_t MinHeapDeltaBytes                        = 1048576                                   {product} {ergonomic}
   size_t MinHeapSize                              = 8388608                                   {product} {ergonomic}
    uintx NonNMethodCodeHeapSize                   = 5836300                                {pd product} {ergonomic}
    uintx NonProfiledCodeHeapSize                  = 122910970                              {pd product} {ergonomic}
    uintx ProfiledCodeHeapSize                     = 122910970                              {pd product} {ergonomic}
    uintx ReservedCodeCacheSize                    = 251658240                              {pd product} {ergonomic}
     bool SegmentedCodeCache                       = true                                      {product} {ergonomic}
   size_t SoftMaxHeapSize                          = 4263510016                             {manageable} {ergonomic}
     bool UseCompressedClassPointers               = true                                 {lp64_product} {ergonomic}
     bool UseCompressedOops                        = true                                 {lp64_product} {ergonomic}
     bool UseG1GC                                  = true                                      {product} {ergonomic}
     bool UseLargePagesIndividualAllocation        = false                                  {pd product} {ergonomic}

Logging:
Log output configuration:
 #0: stdout all=warning uptime,level,tags
 #1: stderr all=off uptime,level,tags

Environment Variables:
JAVA_HOME=C:\Program Files\Java\jdk-13.0.1
PATH=C:\Program Files\Eclipse Adoptium\jdk-17.0.2.8-hotspot\bin;C:\Program Files (x86)\Common Files\Oracle\Java\javapath;D:\Embedded\Imt\00-Tools\05-ToolChains\mingw64\bin;D:\VMware\VMware Player\bin\;C:\Program Files (x86)\Common Files\Intel\Shared Libraries\redist\intel64\compiler;C:\windows\system32;C:\windows;C:\windows\System32\Wbem;C:\windows\System32\WindowsPowerShell\v1.0\;C:\windows\System32\OpenSSH\;C:\Program Files\NVIDIA Corporation\NVIDIA NvDLISR;C:\Program Files\nodejs\;C:\Program Files\Microsoft SQL Server\Client SDK\ODBC\110\Tools\Binn\;C:\Program Files (x86)\Microsoft SQL Server\120\Tools\Binn\;C:\Program Files\Microsoft SQL Server\120\Tools\Binn\;C:\Program Files\Microsoft SQL Server\120\DTS\Binn\;C:\Program Files (x86)\Windows Kits\8.1\Windows Performance Toolkit\;C:\WINDOWS\system32;C:\WINDOWS;C:\WINDOWS\System32\Wbem;C:\WINDOWS\System32\WindowsPowerShell\v1.0\;C:\WINDOWS\System32\OpenSSH\;C:\Program Files (x86)\CodeBlocks\MinGW\bin;C:\Program Files (x86)\NVIDIA Corporation\PhysX\Common;C:\WINDOWS\system32;C:\WINDOWS;C:\WINDOWS\System32\Wbem;C:\WINDOWS\System32\WindowsPowerShell\v1.0\;C:\WINDOWS\System32\OpenSSH\;D:\Polyspace\R2021a\runtime\win64;D:\Polyspace\R2021a\bin;D:\Polyspace\R2021a\polyspace\bin;C:\Users\Shaheen\AppData\Local\Programs\Python\Python39;C:\Users\Shaheen\AppData\Local\Programs\Python\Python39\Scripts;C:\Users\zezos\AppData\Local\Programs\Python\Python38-32\Scripts\;C:\Users\zezos\AppData\Local\Programs\Python\Python38-32\;C:\Users\zezos\AppData\Local\Microsoft\WindowsApps;C:\Users\zezos\AppData\Roaming\npm;;D:\Microsoft VS CodeS\bin
USERNAME=zezos
OS=Windows_NT
PROCESSOR_IDENTIFIER=Intel64 Family 6 Model 158 Stepping 10, GenuineIntel



---------------  S Y S T E M  ---------------

OS: Windows 10 , 64 bit Build 22000 (10.0.22000.613)

CPU:total 12 (initial active 12) (6 cores per cpu, 2 threads per core) family 6 model 158 stepping 10, cmov, cx8, fxsr, mmx, sse, sse2, sse3, ssse3, sse4.1, sse4.2, popcnt, avx, avx2, aes, clmul, erms, 3dnowpref, lzcnt, ht, tsc, tscinvbit, bmi1, bmi2, adx, fma

Memory: 4k page, system-wide physical 16260M (3911M free)
TotalPageFile size 16260M (AvailPageFile size 191M)
current process WorkingSet (physical memory assigned to process): 10M, peak: 10M
current process commit charge ("private bytes"): 65M, peak: 321M

vm_info: Java HotSpot(TM) 64-Bit Server VM (13.0.1+9) for windows-amd64 JRE (13.0.1+9), built on Oct  6 2019 12:37:49 by "mach5one" with unknown MS VC++:1916

END.
